<?xml version="1.0" encoding="UTF-8"?>
<testsuite xmlns:xsi="http://www.w3.org/2001/XMLSchema-instance" xsi:noNamespaceSchemaLocation="https://maven.apache.org/surefire/maven-surefire-plugin/xsd/surefire-test-report-3.0.xsd" version="3.0" name="SuggestionEngineTest" time="0.16" tests="3" errors="0" skipped="0" failures="0">
  <properties>
[...]
</properties>
  <testcase name="testKnownWord" classname="SuggestionEngineTest" time="0.1">
    <system-out><![CDATA[Dictionary loaded with words: [hello, test, text]
No suggestions needed.
]]></system-out>
  </testcase>
  <testcase name="testEmptyInput" classname="SuggestionEngineTest" time="0.001">
    <system-out><![CDATA[Dictionary loaded with words: [hello, test, text]
Generated suggestions for empty input: []
]]></system-out>
  </testcase>
  <testcase name="testNoValidSuggestions" classname="SuggestionEngineTest" time="0.015">
    <system-out><![CDATA[Dictionary loaded with words: [hello, test, text]
Suggestions for 'hello': 
Suggestions list for 'hello': []
]]></system-out>
  </testcase>
</testsuite>